<?xml version="1.0" encoding="UTF-8"?>
<!-- Generated by org.testng.reporters.JUnitReportReporter -->
<testsuite hostname="PatronusPulse" failures="0" tests="1" name="com.testcases.HomePageTest" time="31.162" errors="0" timestamp="2024-10-01T20:12:26 IST" skipped="0">
  <testcase classname="com.testcases.HomePageTest" name="registerNewUser" time="31.162"/>
</testsuite> <!-- com.testcases.HomePageTest -->
