<?xml version="1.0" encoding="UTF-8"?>
<!-- Generated by org.testng.reporters.JUnitReportReporter -->
<testsuite hostname="PatronusPulse" failures="0" tests="1" name="com.allure.test1" time="0.122" errors="0" timestamp="2024-09-15T19:20:00 IST" skipped="0">
  <testcase classname="com.allure.test1" name="testMethod1" time="0.122"/>
</testsuite> <!-- com.allure.test1 -->
