<?xml version="1.0" encoding="UTF-8"?>
<!-- Generated by org.testng.reporters.JUnitReportReporter -->
<testsuite hostname="PatronusPulse" failures="0" tests="1" name="com.testcases.HomePageTest" time="41.780" errors="0" timestamp="2024-10-05T17:47:36 IST" skipped="0">
  <testcase classname="com.testcases.HomePageTest" name="registerNewUser" time="41.780"/>
</testsuite> <!-- com.testcases.HomePageTest -->
